Arguments: 
  C:\Program Files\nodejs\node.exe C:\Users\chane\AppData\Roaming\npm\node_modules\yarn\bin\yarn.js

PATH: 
  C:\Program Files\Microsoft\jdk-11.0.12.7-hotspot\bin;C:\Windows\system32;C:\Windows;C:\Windows\System32\Wbem;C:\Windows\System32\WindowsPowerShell\v1.0\;C:\Windows\System32\OpenSSH\;C:\Program Files (x86)\NVIDIA Corporation\PhysX\Common;C:\Program Files\NVIDIA Corporation\NVIDIA NvDLISR;C:\Program Files\Microsoft SQL Server\150\Tools\Binn\;C:\Program Files\Microsoft SQL Server\Client SDK\ODBC\170\Tools\Binn\;C:\Program Files\dotnet\;C:\Program Files\nodejs\;C:\Program Files\Git\cmd;C:\Users\chane\AppData\Local\Programs\Python\Python310\Scripts\;C:\Users\chane\AppData\Local\Programs\Python\Python310\;C:\Users\chane\.cargo\bin;C:\Users\chane\AppData\Local\Microsoft\WindowsApps;C:\Users\chane\.dotnet\tools;C:\Users\chane\AppData\Local\GitHubDesktop\bin;C:\Users\chane\AppData\Roaming\npm;C:\Users\chane\AppData\Local\Programs\Microsoft VS Code\bin;C:\Users\chane\AppData\Local\Programs\MiKTeX\miktex\bin\x64\;C:\FFmpeg\bin;

Yarn version: 
  1.22.18

Node version: 
  16.14.2

Platform: 
  win32 x64

Trace: 
  SyntaxError: C:\Users\chane\Documents\GitHub\Game-Of-Life\Godot\package.json: Unexpected token } in JSON at position 494
      at JSON.parse (<anonymous>)
      at C:\Users\chane\AppData\Roaming\npm\node_modules\yarn\lib\cli.js:1625:59
      at Generator.next (<anonymous>)
      at step (C:\Users\chane\AppData\Roaming\npm\node_modules\yarn\lib\cli.js:310:30)
      at C:\Users\chane\AppData\Roaming\npm\node_modules\yarn\lib\cli.js:321:13

npm manifest: 
  {
      "name": "GameOfLife",
      "version": "1.0.0",
      "main": "index.js",
      "scripts": {
        "deploy" : "npx gh-pages -d html -t true"
      },
      "repository": {
        "type": "git",
        "url": "git+https://github.com/KorieDrakeChaney/Game-Of-Life.git"
      },
      "author": "KorieDrakeChaney",
      "license": "ISC",
      "bugs": {
        "url": "https://github.com/KorieDrakeChaney/Game-Of-Life/issues"
      },
      "homepage": "https://github.com/KorieDrakeChaney/Game-Of-Life#readme", 
    }

yarn manifest: 
  No manifest

Lockfile: 
  # THIS IS AN AUTOGENERATED FILE. DO NOT EDIT THIS FILE DIRECTLY.
  # yarn lockfile v1
